[?1h=
                                 < M A T L A B (R) >
                       Copyright 1984-2020 The MathWorks, Inc.
                   R2020b Update 8 (9.9.0.2037887) 64-bit (maci64)
                                   August 10, 2022

 
For online documentation, see https://www.mathworks.com/support
For product information, visit www.mathworks.com.
 
Initialising batch system... done.
Item 'Voxel sizes', field 'val': Size mismatch (required [1  1], present [1  3]).


------------------------------------------------------------------------
08-Oct-2024 17:05:32 - Running job #1
------------------------------------------------------------------------
08-Oct-2024 17:05:32 - Running 'Segment'

SPM12: spm_preproc_run (v7670)                     17:05:33 - 08/10/2024
========================================================================
[?1h=Segment /Users/alfonsofajardovaldez/Documents/GitHub/hai2025/spm12_code/sub-PADMTL0354_NAV_ses-01/anat/workdir/sub-PADMTL0354_NAV_ses-01_T1w.nii,1
Completed                               :          17:07:24 - 08/10/2024
08-Oct-2024 17:07:24 - Done    'Segment'
08-Oct-2024 17:07:24 - Running 'Get Pathnames'
08-Oct-2024 17:07:24 - Done    'Get Pathnames'
08-Oct-2024 17:07:24 - Running 'Normalise: Write'
08-Oct-2024 17:07:27 - Done    'Normalise: Write'
08-Oct-2024 17:07:27 - Done

[?1l>